<?xml version="1.0" encoding="UTF-8"?>
<!-- Generated by org.testng.reporters.JUnitXMLReporter -->
<testsuite ignored="0" hostname="DESKTOP-PQKHL93" failures="1" tests="19" name="Test" time="0.198" errors="0" timestamp="2022-08-17T19:23:49 EDT">
  <testcase classname="sequenceoftestcases.CheckingTestCaseSequence" name="TestCase4" time="0.007"/>
  <testcase classname="sequenceoftestcases.CheckingTestCaseSequence" name="TestCase1" time="0.004"/>
  <testcase classname="sequenceoftestcases.CheckingTestCaseSequence" name="Testcase2" time="0.006"/>
  <testcase classname="sequenceoftestcases.CheckingTestCaseSequence" name="TestCase3" time="0.004"/>
  <testcase classname="sequenceoftestcases.WithoutPriority" name="TestCase4" time="0.002"/>
  <testcase classname="sequenceoftestcases.WithoutPriority" name="aTestCase" time="0.003"/>
  <testcase classname="sequenceoftestcases.WithoutPriority" name="aTestCase1" time="0.002"/>
  <testcase classname="sequenceoftestcases.WithoutPriority" name="aTestCase2" time="0.004"/>
  <testcase classname="annotation_sequence.AnnotationSequenceTNG" name="TestCase1" time="0.005"/>
  <testcase classname="annotation_sequence.AnnotationsM2" name="Method1" time="0.004"/>
  <testcase classname="keywords_useTestTNG.KeywordsUse" name="TestCase4" time="0.003"/>
  <testcase classname="keywords_useTestTNG.KeywordsUse" name="TestCase4" time="0.002"/>
  <testcase classname="keywords_useTestTNG.KeywordsUse" name="TestCase4" time="0.002"/>
  <testcase classname="keywords_useTestTNG.KeywordsUse" name="TestCase4" time="0.002"/>
  <testcase classname="keywords_useTestTNG.KeywordsUse" name="TestCase4" time="0.002"/>
  <testcase classname="keywords_useTestTNG.KeywordsUse" name="TestCase2" time="0.005">
    <failure type="java.lang.AssertionError" message="expected [false] but found [true]">
      <![CDATA[java.lang.AssertionError: expected [false] but found [true]
at keywords_useTestTNG.KeywordsUse.TestCase2(KeywordsUse.java:27)
at java.base/java.util.ArrayList.forEach(ArrayList.java:1511)
... Removed 33 stack frames]]>
    </failure>
  </testcase> <!-- TestCase2 -->
  <testcase classname="keywords_useTestTNG.KeywordsUse" name="TestCase1" time="0.0">
    <skipped/>
  </testcase> <!-- TestCase1 -->
  <testcase classname="keywords_useTestTNG.KeywordsUse" name="TestCase3" time="0.001"/>
  <testcase classname="annotation_sequence.AnnotationM1" name="Method1" time="0.003"/>
</testsuite> <!-- Test -->
