<html>
<head>
<title>TestNG:  Test</title>
<link href="../testng.css" rel="stylesheet" type="text/css" />
<link href="../my-testng.css" rel="stylesheet" type="text/css" />

<style type="text/css">
.log { display: none;} 
.stack-trace { display: none;} 
</style>
<script type="text/javascript">
<!--
function flip(e) {
  current = e.style.display;
  if (current == 'block') {
    e.style.display = 'none';
    return 0;
  }
  else {
    e.style.display = 'block';
    return 1;
  }
}

function toggleBox(szDivId, elem, msg1, msg2)
{
  var res = -1;  if (document.getElementById) {
    res = flip(document.getElementById(szDivId));
  }
  else if (document.all) {
    // this is the way old msie versions work
    res = flip(document.all[szDivId]);
  }
  if(elem) {
    if(res == 0) elem.innerHTML = msg1; else elem.innerHTML = msg2;
  }

}

function toggleAllBoxes() {
  if (document.getElementsByTagName) {
    d = document.getElementsByTagName('div');
    for (i = 0; i < d.length; i++) {
      if (d[i].className == 'log') {
        flip(d[i]);
      }
    }
  }
}

// -->
</script>

</head>
<body>
<h2 align='center'>Test</h2><table border='1' align="center">
<tr>
<td>Tests passed/Failed/Skipped:</td><td>17/1/1</td>
</tr><tr>
<td>Started on:</td><td>Wed Aug 17 19:23:49 EDT 2022</td>
</tr>
<tr><td>Total time:</td><td>0 seconds (198 ms)</td>
</tr><tr>
<td>Included groups:</td><td></td>
</tr><tr>
<td>Excluded groups:</td><td></td>
</tr>
</table><p/>
<small><i>(Hover the method name to see the test class name)</i></small><p/>
<table width='100%' border='1' class='invocation-failed'>
<tr><td colspan='4' align='center'><b>FAILED TESTS</b></td></tr>
<tr><td><b>Test method</b></td>
<td width="30%"><b>Exception</b></td>
<td width="10%"><b>Time (seconds)</b></td>
<td><b>Instance</b></td>
</tr>
<tr>
<td title='keywords_useTestTNG.KeywordsUse.TestCase2()'><b>TestCase2</b><br>Test class: keywords_useTestTNG.KeywordsUse</td>
<td><div><pre>java.lang.AssertionError: expected [false] but found [true]
	at keywords_useTestTNG.KeywordsUse.TestCase2(KeywordsUse.java:27)
	at java.base/java.util.ArrayList.forEach(ArrayList.java:1511)
... Removed 33 stack frames</pre></div><a href='#' onClick='toggleBox("stack-trace811597470", this, "Click to show all stack frames", "Click to hide stack frames")'>Click to show all stack frames</a>
<div class='stack-trace' id='stack-trace811597470'><pre>java.lang.AssertionError: expected [false] but found [true]
	at org.testng.Assert.fail(Assert.java:99)
	at org.testng.Assert.failNotEquals(Assert.java:1037)
	at org.testng.Assert.assertEqualsImpl(Assert.java:140)
	at org.testng.Assert.assertEquals(Assert.java:122)
	at org.testng.Assert.assertEquals(Assert.java:819)
	at org.testng.Assert.assertEquals(Assert.java:829)
	at keywords_useTestTNG.KeywordsUse.TestCase2(KeywordsUse.java:27)
	at java.base/jdk.internal.reflect.NativeMethodAccessorImpl.invoke0(Native Method)
	at java.base/jdk.internal.reflect.NativeMethodAccessorImpl.invoke(NativeMethodAccessorImpl.java:64)
	at java.base/jdk.internal.reflect.DelegatingMethodAccessorImpl.invoke(DelegatingMethodAccessorImpl.java:43)
	at java.base/java.lang.reflect.Method.invoke(Method.java:564)
	at org.testng.internal.MethodInvocationHelper.invokeMethod(MethodInvocationHelper.java:133)
	at org.testng.internal.TestInvoker.invokeMethod(TestInvoker.java:598)
	at org.testng.internal.TestInvoker.invokeTestMethod(TestInvoker.java:173)
	at org.testng.internal.MethodRunner.runInSequence(MethodRunner.java:46)
	at org.testng.internal.TestInvoker$MethodInvocationAgent.invoke(TestInvoker.java:824)
	at org.testng.internal.TestInvoker.invokeTestMethods(TestInvoker.java:146)
	at org.testng.internal.TestMethodWorker.invokeTestMethods(TestMethodWorker.java:146)
	at org.testng.internal.TestMethodWorker.run(TestMethodWorker.java:128)
	at java.base/java.util.ArrayList.forEach(ArrayList.java:1511)
	at org.testng.TestRunner.privateRun(TestRunner.java:794)
	at org.testng.TestRunner.run(TestRunner.java:596)
	at org.testng.SuiteRunner.runTest(SuiteRunner.java:377)
	at org.testng.SuiteRunner.runSequentially(SuiteRunner.java:371)
	at org.testng.SuiteRunner.privateRun(SuiteRunner.java:332)
	at org.testng.SuiteRunner.run(SuiteRunner.java:276)
	at org.testng.SuiteRunnerWorker.runSuite(SuiteRunnerWorker.java:53)
	at org.testng.SuiteRunnerWorker.run(SuiteRunnerWorker.java:96)
	at org.testng.TestNG.runSuitesSequentially(TestNG.java:1212)
	at org.testng.TestNG.runSuitesLocally(TestNG.java:1134)
	at org.testng.TestNG.runSuites(TestNG.java:1063)
	at org.testng.TestNG.run(TestNG.java:1031)
	at org.testng.remote.AbstractRemoteTestNG.run(AbstractRemoteTestNG.java:115)
	at org.testng.remote.RemoteTestNG.initAndRun(RemoteTestNG.java:251)
	at org.testng.remote.RemoteTestNG.main(RemoteTestNG.java:77)
</pre></div></td>
<td>0</td>
<td>keywords_useTestTNG.KeywordsUse@4d0f2471</td></tr>
</table><p>
<table width='100%' border='1' class='invocation-passed'>
<tr><td colspan='4' align='center'><b>PASSED TESTS</b></td></tr>
<tr><td><b>Test method</b></td>
<td width="30%"><b>Exception</b></td>
<td width="10%"><b>Time (seconds)</b></td>
<td><b>Instance</b></td>
</tr>
<tr>
<td title='keywords_useTestTNG.KeywordsUse.TestCase3()'><b>TestCase3</b><br>Test class: keywords_useTestTNG.KeywordsUse</td>
<td></td>
<td>0</td>
<td>keywords_useTestTNG.KeywordsUse@4d0f2471</td></tr>
<tr>
<td title='sequenceoftestcases.CheckingTestCaseSequence.TestCase4()'><b>TestCase4</b><br>Test class: sequenceoftestcases.CheckingTestCaseSequence</td>
<td></td>
<td>0</td>
<td>sequenceoftestcases.CheckingTestCaseSequence@31e5415e</td></tr>
<tr>
<td title='sequenceoftestcases.WithoutPriority.aTestCase1()'><b>aTestCase1</b><br>Test class: sequenceoftestcases.WithoutPriority</td>
<td></td>
<td>0</td>
<td>sequenceoftestcases.WithoutPriority@15aab8c6</td></tr>
<tr>
<td title='sequenceoftestcases.CheckingTestCaseSequence.TestCase1()'><b>TestCase1</b><br>Test class: sequenceoftestcases.CheckingTestCaseSequence</td>
<td></td>
<td>0</td>
<td>sequenceoftestcases.CheckingTestCaseSequence@31e5415e</td></tr>
<tr>
<td title='sequenceoftestcases.WithoutPriority.TestCase4()'><b>TestCase4</b><br>Test class: sequenceoftestcases.WithoutPriority<br/>
<a href="#Output-2081652693" onClick='toggleBox("Output-2081652693", this, "Show output", "Hide output");'>Show output</a>

<a href="#Output-2081652693" onClick="toggleAllBoxes();">Show all outputs</a>
<div class='log' id="Output-2081652693">
Checking log Priyanka<br/>
</div>
</td>
<td></td>
<td>0</td>
<td>sequenceoftestcases.WithoutPriority@15aab8c6</td></tr>
<tr>
<td title='keywords_useTestTNG.KeywordsUse.TestCase4()'><b>TestCase4</b><br>Test class: keywords_useTestTNG.KeywordsUse<br/>
<a href="#Output-809300666" onClick='toggleBox("Output-809300666", this, "Show output", "Hide output");'>Show output</a>

<a href="#Output-809300666" onClick="toggleAllBoxes();">Show all outputs</a>
<div class='log' id="Output-809300666">
Checking log Priyanka<br/>
</div>
</td>
<td></td>
<td>0</td>
<td>keywords_useTestTNG.KeywordsUse@4d0f2471</td></tr>
<tr>
<td title='sequenceoftestcases.CheckingTestCaseSequence.TestCase3()'><b>TestCase3</b><br>Test class: sequenceoftestcases.CheckingTestCaseSequence<br/>
<a href="#Output-1485891705" onClick='toggleBox("Output-1485891705", this, "Show output", "Hide output");'>Show output</a>

<a href="#Output-1485891705" onClick="toggleAllBoxes();">Show all outputs</a>
<div class='log' id="Output-1485891705">
Checkin Log Priyanka<br/>
</div>
</td>
<td></td>
<td>0</td>
<td>sequenceoftestcases.CheckingTestCaseSequence@31e5415e</td></tr>
<tr>
<td title='sequenceoftestcases.CheckingTestCaseSequence.Testcase2()'><b>Testcase2</b><br>Test class: sequenceoftestcases.CheckingTestCaseSequence</td>
<td></td>
<td>0</td>
<td>sequenceoftestcases.CheckingTestCaseSequence@31e5415e</td></tr>
<tr>
<td title='keywords_useTestTNG.KeywordsUse.TestCase4()'><b>TestCase4</b><br>Test class: keywords_useTestTNG.KeywordsUse<br/>
<a href="#Output-1082309267" onClick='toggleBox("Output-1082309267", this, "Show output", "Hide output");'>Show output</a>

<a href="#Output-1082309267" onClick="toggleAllBoxes();">Show all outputs</a>
<div class='log' id="Output-1082309267">
Checking log Priyanka<br/>
</div>
</td>
<td></td>
<td>0</td>
<td>keywords_useTestTNG.KeywordsUse@4d0f2471</td></tr>
<tr>
<td title='annotation_sequence.AnnotationM1.Method1()'><b>Method1</b><br>Test class: annotation_sequence.AnnotationM1</td>
<td></td>
<td>0</td>
<td>annotation_sequence.AnnotationM1@7133da86</td></tr>
<tr>
<td title='keywords_useTestTNG.KeywordsUse.TestCase4()'><b>TestCase4</b><br>Test class: keywords_useTestTNG.KeywordsUse<br/>
<a href="#Output-271800170" onClick='toggleBox("Output-271800170", this, "Show output", "Hide output");'>Show output</a>

<a href="#Output-271800170" onClick="toggleAllBoxes();">Show all outputs</a>
<div class='log' id="Output-271800170">
Checking log Priyanka<br/>
</div>
</td>
<td></td>
<td>0</td>
<td>keywords_useTestTNG.KeywordsUse@4d0f2471</td></tr>
<tr>
<td title='sequenceoftestcases.WithoutPriority.aTestCase()'><b>aTestCase</b><br>Test class: sequenceoftestcases.WithoutPriority</td>
<td></td>
<td>0</td>
<td>sequenceoftestcases.WithoutPriority@15aab8c6</td></tr>
<tr>
<td title='annotation_sequence.AnnotationsM2.Method1()'><b>Method1</b><br>Test class: annotation_sequence.AnnotationsM2</td>
<td></td>
<td>0</td>
<td>annotation_sequence.AnnotationsM2@53fdffa1</td></tr>
<tr>
<td title='sequenceoftestcases.WithoutPriority.aTestCase2()'><b>aTestCase2</b><br>Test class: sequenceoftestcases.WithoutPriority</td>
<td></td>
<td>0</td>
<td>sequenceoftestcases.WithoutPriority@15aab8c6</td></tr>
<tr>
<td title='annotation_sequence.AnnotationSequenceTNG.TestCase1()'><b>TestCase1</b><br>Test class: annotation_sequence.AnnotationSequenceTNG</td>
<td></td>
<td>0</td>
<td>annotation_sequence.AnnotationSequenceTNG@4d465b11</td></tr>
<tr>
<td title='keywords_useTestTNG.KeywordsUse.TestCase4()'><b>TestCase4</b><br>Test class: keywords_useTestTNG.KeywordsUse<br/>
<a href="#Output-1984513847" onClick='toggleBox("Output-1984513847", this, "Show output", "Hide output");'>Show output</a>

<a href="#Output-1984513847" onClick="toggleAllBoxes();">Show all outputs</a>
<div class='log' id="Output-1984513847">
Checking log Priyanka<br/>
</div>
</td>
<td></td>
<td>0</td>
<td>keywords_useTestTNG.KeywordsUse@4d0f2471</td></tr>
<tr>
<td title='keywords_useTestTNG.KeywordsUse.TestCase4()'><b>TestCase4</b><br>Test class: keywords_useTestTNG.KeywordsUse<br/>
<a href="#Output-1241529534" onClick='toggleBox("Output-1241529534", this, "Show output", "Hide output");'>Show output</a>

<a href="#Output-1241529534" onClick="toggleAllBoxes();">Show all outputs</a>
<div class='log' id="Output-1241529534">
Checking log Priyanka<br/>
</div>
</td>
<td></td>
<td>0</td>
<td>keywords_useTestTNG.KeywordsUse@4d0f2471</td></tr>
</table><p>
<table width='100%' border='1' class='invocation-skipped'>
<tr><td colspan='4' align='center'><b>SKIPPED TESTS</b></td></tr>
<tr><td><b>Test method</b></td>
<td width="30%"><b>Exception</b></td>
<td width="10%"><b>Time (seconds)</b></td>
<td><b>Instance</b></td>
</tr>
<tr>
<td title='keywords_useTestTNG.KeywordsUse.TestCase1()'><b>TestCase1</b><br>Test class: keywords_useTestTNG.KeywordsUse</td>
<td><div><pre>java.lang.Throwable: Method KeywordsUse.TestCase1()[pri:-1, instance:keywords_useTestTNG.KeywordsUse@4d0f2471] depends on not successfully finished methods
	at java.base/java.util.ArrayList.forEach(ArrayList.java:1511)
... Removed 18 stack frames</pre></div><a href='#' onClick='toggleBox("stack-trace897848096", this, "Click to show all stack frames", "Click to hide stack frames")'>Click to show all stack frames</a>
<div class='stack-trace' id='stack-trace897848096'><pre>java.lang.Throwable: Method KeywordsUse.TestCase1()[pri:-1, instance:keywords_useTestTNG.KeywordsUse@4d0f2471] depends on not successfully finished methods
	at org.testng.internal.TestInvoker.invokeTestMethods(TestInvoker.java:102)
	at org.testng.internal.TestMethodWorker.invokeTestMethods(TestMethodWorker.java:146)
	at org.testng.internal.TestMethodWorker.run(TestMethodWorker.java:128)
	at java.base/java.util.ArrayList.forEach(ArrayList.java:1511)
	at org.testng.TestRunner.privateRun(TestRunner.java:794)
	at org.testng.TestRunner.run(TestRunner.java:596)
	at org.testng.SuiteRunner.runTest(SuiteRunner.java:377)
	at org.testng.SuiteRunner.runSequentially(SuiteRunner.java:371)
	at org.testng.SuiteRunner.privateRun(SuiteRunner.java:332)
	at org.testng.SuiteRunner.run(SuiteRunner.java:276)
	at org.testng.SuiteRunnerWorker.runSuite(SuiteRunnerWorker.java:53)
	at org.testng.SuiteRunnerWorker.run(SuiteRunnerWorker.java:96)
	at org.testng.TestNG.runSuitesSequentially(TestNG.java:1212)
	at org.testng.TestNG.runSuitesLocally(TestNG.java:1134)
	at org.testng.TestNG.runSuites(TestNG.java:1063)
	at org.testng.TestNG.run(TestNG.java:1031)
	at org.testng.remote.AbstractRemoteTestNG.run(AbstractRemoteTestNG.java:115)
	at org.testng.remote.RemoteTestNG.initAndRun(RemoteTestNG.java:251)
	at org.testng.remote.RemoteTestNG.main(RemoteTestNG.java:77)
</pre></div></td>
<td>0</td>
<td>keywords_useTestTNG.KeywordsUse@4d0f2471</td></tr>
</table><p>
</body>
</html>